0:0:0:0:0:0:0:1 	- 	[2015-06-27 09:15:46.828] 	"GET / HTTP/1.1" 	200 	- 	"Mozilla/5.0 (Macintosh; Intel Mac OS X 10_10_3) AppleWebKit/537.36 (KHTML, like Gecko) Chrome/43.0.2357.130 Safari/537.36" 	173ms
0:0:0:0:0:0:0:1 	- 	[2015-06-27 09:15:47.153] 	"GET /console/img/logo_baasbox_lp.png HTTP/1.1" 	200 	36032 	"Mozilla/5.0 (Macintosh; Intel Mac OS X 10_10_3) AppleWebKit/537.36 (KHTML, like Gecko) Chrome/43.0.2357.130 Safari/537.36" 	86ms
0:0:0:0:0:0:0:1 	- 	[2015-06-27 09:15:47.301] 	"GET /console/favicon.ico HTTP/1.1" 	200 	9662 	"Mozilla/5.0 (Macintosh; Intel Mac OS X 10_10_3) AppleWebKit/537.36 (KHTML, like Gecko) Chrome/43.0.2357.130 Safari/537.36" 	4ms
0:0:0:0:0:0:0:1 	- 	[2015-06-27 09:15:49.54] 	"GET /console HTTP/1.1" 	303 	- 	"Mozilla/5.0 (Macintosh; Intel Mac OS X 10_10_3) AppleWebKit/537.36 (KHTML, like Gecko) Chrome/43.0.2357.130 Safari/537.36" 	1ms
0:0:0:0:0:0:0:1 	- 	[2015-06-27 09:15:49.60] 	"GET /console/ HTTP/1.1" 	200 	- 	"Mozilla/5.0 (Macintosh; Intel Mac OS X 10_10_3) AppleWebKit/537.36 (KHTML, like Gecko) Chrome/43.0.2357.130 Safari/537.36" 	32ms
0:0:0:0:0:0:0:1 	- 	[2015-06-27 09:15:49.199] 	"GET /console/css/baasbox.css HTTP/1.1" 	200 	8746 	"Mozilla/5.0 (Macintosh; Intel Mac OS X 10_10_3) AppleWebKit/537.36 (KHTML, like Gecko) Chrome/43.0.2357.130 Safari/537.36" 	5ms
0:0:0:0:0:0:0:1 	- 	[2015-06-27 09:15:49.199] 	"GET /console/css/font-awesome.min.css HTTP/1.1" 	200 	21984 	"Mozilla/5.0 (Macintosh; Intel Mac OS X 10_10_3) AppleWebKit/537.36 (KHTML, like Gecko) Chrome/43.0.2357.130 Safari/537.36" 	5ms
0:0:0:0:0:0:0:1 	- 	[2015-06-27 09:15:49.199] 	"GET /console/css/bootstrap-responsive.css HTTP/1.1" 	200 	14447 	"Mozilla/5.0 (Macintosh; Intel Mac OS X 10_10_3) AppleWebKit/537.36 (KHTML, like Gecko) Chrome/43.0.2357.130 Safari/537.36" 	6ms
0:0:0:0:0:0:0:1 	- 	[2015-06-27 09:15:49.199] 	"GET /console/css/charisma-app.css HTTP/1.1" 	200 	10647 	"Mozilla/5.0 (Macintosh; Intel Mac OS X 10_10_3) AppleWebKit/537.36 (KHTML, like Gecko) Chrome/43.0.2357.130 Safari/537.36" 	6ms
0:0:0:0:0:0:0:1 	- 	[2015-06-27 09:15:49.199] 	"GET /console/css/social-buttons.css HTTP/1.1" 	200 	23637 	"Mozilla/5.0 (Macintosh; Intel Mac OS X 10_10_3) AppleWebKit/537.36 (KHTML, like Gecko) Chrome/43.0.2357.130 Safari/537.36" 	7ms
0:0:0:0:0:0:0:1 	- 	[2015-06-27 09:15:49.199] 	"GET /console/css/bootstrap-classic.css HTTP/1.1" 	200 	134772 	"Mozilla/5.0 (Macintosh; Intel Mac OS X 10_10_3) AppleWebKit/537.36 (KHTML, like Gecko) Chrome/43.0.2357.130 Safari/537.36" 	9ms
0:0:0:0:0:0:0:1 	- 	[2015-06-27 09:15:49.214] 	"GET /console/css/baasbox-jsnippet.css HTTP/1.1" 	200 	4519 	"Mozilla/5.0 (Macintosh; Intel Mac OS X 10_10_3) AppleWebKit/537.36 (KHTML, like Gecko) Chrome/43.0.2357.130 Safari/537.36" 	3ms
0:0:0:0:0:0:0:1 	- 	[2015-06-27 09:15:49.220] 	"GET /console/css/fullcalendar.css HTTP/1.1" 	200 	10699 	"Mozilla/5.0 (Macintosh; Intel Mac OS X 10_10_3) AppleWebKit/537.36 (KHTML, like Gecko) Chrome/43.0.2357.130 Safari/537.36" 	2ms
0:0:0:0:0:0:0:1 	- 	[2015-06-27 09:15:49.216] 	"GET /console/css/jquery-ui-1.8.21.custom.css HTTP/1.1" 	200 	33252 	"Mozilla/5.0 (Macintosh; Intel Mac OS X 10_10_3) AppleWebKit/537.36 (KHTML, like Gecko) Chrome/43.0.2357.130 Safari/537.36" 	11ms
0:0:0:0:0:0:0:1 	- 	[2015-06-27 09:15:49.223] 	"GET /console/css/uniform.default.css HTTP/1.1" 	200 	10598 	"Mozilla/5.0 (Macintosh; Intel Mac OS X 10_10_3) AppleWebKit/537.36 (KHTML, like Gecko) Chrome/43.0.2357.130 Safari/537.36" 	5ms
0:0:0:0:0:0:0:1 	- 	[2015-06-27 09:15:49.226] 	"GET /console/css/chosen.css HTTP/1.1" 	200 	14176 	"Mozilla/5.0 (Macintosh; Intel Mac OS X 10_10_3) AppleWebKit/537.36 (KHTML, like Gecko) Chrome/43.0.2357.130 Safari/537.36" 	4ms
0:0:0:0:0:0:0:1 	- 	[2015-06-27 09:15:49.227] 	"GET /console/css/colorbox.css HTTP/1.1" 	200 	3301 	"Mozilla/5.0 (Macintosh; Intel Mac OS X 10_10_3) AppleWebKit/537.36 (KHTML, like Gecko) Chrome/43.0.2357.130 Safari/537.36" 	3ms
0:0:0:0:0:0:0:1 	- 	[2015-06-27 09:15:49.234] 	"GET /console/css/jquery.noty.css HTTP/1.1" 	200 	2116 	"Mozilla/5.0 (Macintosh; Intel Mac OS X 10_10_3) AppleWebKit/537.36 (KHTML, like Gecko) Chrome/43.0.2357.130 Safari/537.36" 	5ms
0:0:0:0:0:0:0:1 	- 	[2015-06-27 09:15:49.233] 	"GET /console/css/jquery.cleditor.css HTTP/1.1" 	200 	1394 	"Mozilla/5.0 (Macintosh; Intel Mac OS X 10_10_3) AppleWebKit/537.36 (KHTML, like Gecko) Chrome/43.0.2357.130 Safari/537.36" 	10ms
0:0:0:0:0:0:0:1 	- 	[2015-06-27 09:15:49.240] 	"GET /console/css/elfinder.theme.css HTTP/1.1" 	200 	1825 	"Mozilla/5.0 (Macintosh; Intel Mac OS X 10_10_3) AppleWebKit/537.36 (KHTML, like Gecko) Chrome/43.0.2357.130 Safari/537.36" 	3ms
0:0:0:0:0:0:0:1 	- 	[2015-06-27 09:15:49.239] 	"GET /console/css/noty_theme_default.css HTTP/1.1" 	200 	8752 	"Mozilla/5.0 (Macintosh; Intel Mac OS X 10_10_3) AppleWebKit/537.36 (KHTML, like Gecko) Chrome/43.0.2357.130 Safari/537.36" 	4ms
0:0:0:0:0:0:0:1 	- 	[2015-06-27 09:15:49.243] 	"GET /console/css/elfinder.min.css HTTP/1.1" 	200 	29647 	"Mozilla/5.0 (Macintosh; Intel Mac OS X 10_10_3) AppleWebKit/537.36 (KHTML, like Gecko) Chrome/43.0.2357.130 Safari/537.36" 	2ms
0:0:0:0:0:0:0:1 	- 	[2015-06-27 09:15:49.241] 	"GET /console/css/jquery.iphone.toggle.css HTTP/1.1" 	200 	3901 	"Mozilla/5.0 (Macintosh; Intel Mac OS X 10_10_3) AppleWebKit/537.36 (KHTML, like Gecko) Chrome/43.0.2357.130 Safari/537.36" 	4ms
0:0:0:0:0:0:0:1 	- 	[2015-06-27 09:15:49.247] 	"GET /console/css/opa-icons.css HTTP/1.1" 	200 	39656 	"Mozilla/5.0 (Macintosh; Intel Mac OS X 10_10_3) AppleWebKit/537.36 (KHTML, like Gecko) Chrome/43.0.2357.130 Safari/537.36" 	3ms
0:0:0:0:0:0:0:1 	- 	[2015-06-27 09:15:49.251] 	"GET /console/css/uploadify.css HTTP/1.1" 	200 	2452 	"Mozilla/5.0 (Macintosh; Intel Mac OS X 10_10_3) AppleWebKit/537.36 (KHTML, like Gecko) Chrome/43.0.2357.130 Safari/537.36" 	3ms
0:0:0:0:0:0:0:1 	- 	[2015-06-27 09:15:49.256] 	"GET /console/js/angular.min.js HTTP/1.1" 	200 	78948 	"Mozilla/5.0 (Macintosh; Intel Mac OS X 10_10_3) AppleWebKit/537.36 (KHTML, like Gecko) Chrome/43.0.2357.130 Safari/537.36" 	3ms
0:0:0:0:0:0:0:1 	- 	[2015-06-27 09:15:49.262] 	"GET /console/js/bootstrap-transition.js HTTP/1.1" 	200 	1801 	"Mozilla/5.0 (Macintosh; Intel Mac OS X 10_10_3) AppleWebKit/537.36 (KHTML, like Gecko) Chrome/43.0.2357.130 Safari/537.36" 	2ms
0:0:0:0:0:0:0:1 	- 	[2015-06-27 09:15:49.256] 	"GET /console/js/jquery-1.7.2.min.js HTTP/1.1" 	200 	94840 	"Mozilla/5.0 (Macintosh; Intel Mac OS X 10_10_3) AppleWebKit/537.36 (KHTML, like Gecko) Chrome/43.0.2357.130 Safari/537.36" 	9ms
0:0:0:0:0:0:0:1 	- 	[2015-06-27 09:15:49.259] 	"GET /console/js/jquery.zrssfeed.min.js HTTP/1.1" 	200 	3761 	"Mozilla/5.0 (Macintosh; Intel Mac OS X 10_10_3) AppleWebKit/537.36 (KHTML, like Gecko) Chrome/43.0.2357.130 Safari/537.36" 	8ms
0:0:0:0:0:0:0:1 	- 	[2015-06-27 09:15:49.256] 	"GET /console/js/jquery-ui-1.8.21.custom.min.js HTTP/1.1" 	200 	206923 	"Mozilla/5.0 (Macintosh; Intel Mac OS X 10_10_3) AppleWebKit/537.36 (KHTML, like Gecko) Chrome/43.0.2357.130 Safari/537.36" 	11ms
0:0:0:0:0:0:0:1 	- 	[2015-06-27 09:15:49.262] 	"GET /console/js/bootstrap-alert.js HTTP/1.1" 	200 	2392 	"Mozilla/5.0 (Macintosh; Intel Mac OS X 10_10_3) AppleWebKit/537.36 (KHTML, like Gecko) Chrome/43.0.2357.130 Safari/537.36" 	6ms
0:0:0:0:0:0:0:1 	- 	[2015-06-27 09:15:49.274] 	"GET /console/js/bootstrap-modal.js HTTP/1.1" 	200 	5677 	"Mozilla/5.0 (Macintosh; Intel Mac OS X 10_10_3) AppleWebKit/537.36 (KHTML, like Gecko) Chrome/43.0.2357.130 Safari/537.36" 	2ms
0:0:0:0:0:0:0:1 	- 	[2015-06-27 09:15:49.281] 	"GET /console/js/bootstrap-scrollspy.js HTTP/1.1" 	200 	4375 	"Mozilla/5.0 (Macintosh; Intel Mac OS X 10_10_3) AppleWebKit/537.36 (KHTML, like Gecko) Chrome/43.0.2357.130 Safari/537.36" 	3ms
0:0:0:0:0:0:0:1 	- 	[2015-06-27 09:15:49.282] 	"GET /console/js/bootstrap-dropdown.js HTTP/1.1" 	200 	2728 	"Mozilla/5.0 (Macintosh; Intel Mac OS X 10_10_3) AppleWebKit/537.36 (KHTML, like Gecko) Chrome/43.0.2357.130 Safari/537.36" 	2ms
0:0:0:0:0:0:0:1 	- 	[2015-06-27 09:15:49.288] 	"GET /console/js/bootstrap-tab.js HTTP/1.1" 	200 	3384 	"Mozilla/5.0 (Macintosh; Intel Mac OS X 10_10_3) AppleWebKit/537.36 (KHTML, like Gecko) Chrome/43.0.2357.130 Safari/537.36" 	2ms
0:0:0:0:0:0:0:1 	- 	[2015-06-27 09:15:49.289] 	"GET /console/js/bootstrap-tooltip.js HTTP/1.1" 	200 	7674 	"Mozilla/5.0 (Macintosh; Intel Mac OS X 10_10_3) AppleWebKit/537.36 (KHTML, like Gecko) Chrome/43.0.2357.130 Safari/537.36" 	3ms
0:0:0:0:0:0:0:1 	- 	[2015-06-27 09:15:49.292] 	"GET /console/js/bootstrap-popover.js HTTP/1.1" 	200 	2874 	"Mozilla/5.0 (Macintosh; Intel Mac OS X 10_10_3) AppleWebKit/537.36 (KHTML, like Gecko) Chrome/43.0.2357.130 Safari/537.36" 	2ms
0:0:0:0:0:0:0:1 	- 	[2015-06-27 09:15:49.296] 	"GET /console/js/bootstrap-collapse.js HTTP/1.1" 	200 	4398 	"Mozilla/5.0 (Macintosh; Intel Mac OS X 10_10_3) AppleWebKit/537.36 (KHTML, like Gecko) Chrome/43.0.2357.130 Safari/537.36" 	2ms
0:0:0:0:0:0:0:1 	- 	[2015-06-27 09:15:49.296] 	"GET /console/js/bootstrap-button.js HTTP/1.1" 	200 	2713 	"Mozilla/5.0 (Macintosh; Intel Mac OS X 10_10_3) AppleWebKit/537.36 (KHTML, like Gecko) Chrome/43.0.2357.130 Safari/537.36" 	2ms
0:0:0:0:0:0:0:1 	- 	[2015-06-27 09:15:49.301] 	"GET /console/js/bootstrap-typeahead.js HTTP/1.1" 	200 	7090 	"Mozilla/5.0 (Macintosh; Intel Mac OS X 10_10_3) AppleWebKit/537.36 (KHTML, like Gecko) Chrome/43.0.2357.130 Safari/537.36" 	2ms
0:0:0:0:0:0:0:1 	- 	[2015-06-27 09:15:49.301] 	"GET /console/js/bootstrap-carousel.js HTTP/1.1" 	200 	5018 	"Mozilla/5.0 (Macintosh; Intel Mac OS X 10_10_3) AppleWebKit/537.36 (KHTML, like Gecko) Chrome/43.0.2357.130 Safari/537.36" 	2ms
0:0:0:0:0:0:0:1 	- 	[2015-06-27 09:15:49.304] 	"GET /console/js/bootstrap-tour.js HTTP/1.1" 	200 	7048 	"Mozilla/5.0 (Macintosh; Intel Mac OS X 10_10_3) AppleWebKit/537.36 (KHTML, like Gecko) Chrome/43.0.2357.130 Safari/537.36" 	3ms
0:0:0:0:0:0:0:1 	- 	[2015-06-27 09:15:49.304] 	"GET /console/js/jquery.cookie.js HTTP/1.1" 	200 	1941 	"Mozilla/5.0 (Macintosh; Intel Mac OS X 10_10_3) AppleWebKit/537.36 (KHTML, like Gecko) Chrome/43.0.2357.130 Safari/537.36" 	3ms
0:0:0:0:0:0:0:1 	- 	[2015-06-27 09:15:49.309] 	"GET /console/js/fullcalendar.min.js HTTP/1.1" 	200 	49999 	"Mozilla/5.0 (Macintosh; Intel Mac OS X 10_10_3) AppleWebKit/537.36 (KHTML, like Gecko) Chrome/43.0.2357.130 Safari/537.36" 	2ms
0:0:0:0:0:0:0:1 	- 	[2015-06-27 09:15:49.310] 	"GET /console/js/jquery.dataTables.min.js HTTP/1.1" 	200 	72194 	"Mozilla/5.0 (Macintosh; Intel Mac OS X 10_10_3) AppleWebKit/537.36 (KHTML, like Gecko) Chrome/43.0.2357.130 Safari/537.36" 	2ms
0:0:0:0:0:0:0:1 	- 	[2015-06-27 09:15:49.318] 	"GET /console/js/jquery.validate.js HTTP/1.1" 	200 	37363 	"Mozilla/5.0 (Macintosh; Intel Mac OS X 10_10_3) AppleWebKit/537.36 (KHTML, like Gecko) Chrome/43.0.2357.130 Safari/537.36" 	2ms
0:0:0:0:0:0:0:1 	- 	[2015-06-27 09:15:49.318] 	"GET /console/js/jquery.jeditable.js HTTP/1.1" 	200 	22959 	"Mozilla/5.0 (Macintosh; Intel Mac OS X 10_10_3) AppleWebKit/537.36 (KHTML, like Gecko) Chrome/43.0.2357.130 Safari/537.36" 	2ms
0:0:0:0:0:0:0:1 	- 	[2015-06-27 09:15:49.318] 	"GET /console/js/jquery.dataTables.editable.js HTTP/1.1" 	200 	67502 	"Mozilla/5.0 (Macintosh; Intel Mac OS X 10_10_3) AppleWebKit/537.36 (KHTML, like Gecko) Chrome/43.0.2357.130 Safari/537.36" 	2ms
0:0:0:0:0:0:0:1 	- 	[2015-06-27 09:15:49.318] 	"GET /console/css/lato.css HTTP/1.1" 	200 	119 	"Mozilla/5.0 (Macintosh; Intel Mac OS X 10_10_3) AppleWebKit/537.36 (KHTML, like Gecko) Chrome/43.0.2357.130 Safari/537.36" 	2ms
0:0:0:0:0:0:0:1 	- 	[2015-06-27 09:15:49.323] 	"GET /console/js/ColReorderWithResize.js HTTP/1.1" 	200 	37421 	"Mozilla/5.0 (Macintosh; Intel Mac OS X 10_10_3) AppleWebKit/537.36 (KHTML, like Gecko) Chrome/43.0.2357.130 Safari/537.36" 	2ms
0:0:0:0:0:0:0:1 	- 	[2015-06-27 09:15:49.329] 	"GET /console/js/excanvas.js HTTP/1.1" 	200 	41784 	"Mozilla/5.0 (Macintosh; Intel Mac OS X 10_10_3) AppleWebKit/537.36 (KHTML, like Gecko) Chrome/43.0.2357.130 Safari/537.36" 	2ms
0:0:0:0:0:0:0:1 	- 	[2015-06-27 09:15:49.329] 	"GET /console/js/jquery.flot.min.js HTTP/1.1" 	200 	37554 	"Mozilla/5.0 (Macintosh; Intel Mac OS X 10_10_3) AppleWebKit/537.36 (KHTML, like Gecko) Chrome/43.0.2357.130 Safari/537.36" 	2ms
0:0:0:0:0:0:0:1 	- 	[2015-06-27 09:15:49.331] 	"GET /console/js/jquery.flot.pie.min.js HTTP/1.1" 	200 	8855 	"Mozilla/5.0 (Macintosh; Intel Mac OS X 10_10_3) AppleWebKit/537.36 (KHTML, like Gecko) Chrome/43.0.2357.130 Safari/537.36" 	3ms
0:0:0:0:0:0:0:1 	- 	[2015-06-27 09:15:49.336] 	"GET /console/js/jquery.flot.stack.js HTTP/1.1" 	200 	6968 	"Mozilla/5.0 (Macintosh; Intel Mac OS X 10_10_3) AppleWebKit/537.36 (KHTML, like Gecko) Chrome/43.0.2357.130 Safari/537.36" 	2ms
0:0:0:0:0:0:0:1 	- 	[2015-06-27 09:15:49.338] 	"GET /console/js/jquery.flot.resize.min.js HTTP/1.1" 	200 	1239 	"Mozilla/5.0 (Macintosh; Intel Mac OS X 10_10_3) AppleWebKit/537.36 (KHTML, like Gecko) Chrome/43.0.2357.130 Safari/537.36" 	2ms
0:0:0:0:0:0:0:1 	- 	[2015-06-27 09:15:49.340] 	"GET /console/js/jquery.snippet.min.js HTTP/1.1" 	200 	68446 	"Mozilla/5.0 (Macintosh; Intel Mac OS X 10_10_3) AppleWebKit/537.36 (KHTML, like Gecko) Chrome/43.0.2357.130 Safari/537.36" 	2ms
0:0:0:0:0:0:0:1 	- 	[2015-06-27 09:15:49.344] 	"GET /console/js/jquery.chosen.min.js HTTP/1.1" 	200 	22939 	"Mozilla/5.0 (Macintosh; Intel Mac OS X 10_10_3) AppleWebKit/537.36 (KHTML, like Gecko) Chrome/43.0.2357.130 Safari/537.36" 	2ms
0:0:0:0:0:0:0:1 	- 	[2015-06-27 09:15:49.345] 	"GET /console/js/jquery.uniform.min.js HTTP/1.1" 	200 	9323 	"Mozilla/5.0 (Macintosh; Intel Mac OS X 10_10_3) AppleWebKit/537.36 (KHTML, like Gecko) Chrome/43.0.2357.130 Safari/537.36" 	2ms
0:0:0:0:0:0:0:1 	- 	[2015-06-27 09:15:49.346] 	"GET /console/js/jquery.colorbox.min.js HTTP/1.1" 	200 	9690 	"Mozilla/5.0 (Macintosh; Intel Mac OS X 10_10_3) AppleWebKit/537.36 (KHTML, like Gecko) Chrome/43.0.2357.130 Safari/537.36" 	2ms
0:0:0:0:0:0:0:1 	- 	[2015-06-27 09:15:49.348] 	"GET /console/js/jquery.cleditor.min.js HTTP/1.1" 	200 	12047 	"Mozilla/5.0 (Macintosh; Intel Mac OS X 10_10_3) AppleWebKit/537.36 (KHTML, like Gecko) Chrome/43.0.2357.130 Safari/537.36" 	2ms
0:0:0:0:0:0:0:1 	- 	[2015-06-27 09:15:49.348] 	"GET /console/js/jquery.noty.js HTTP/1.1" 	200 	8385 	"Mozilla/5.0 (Macintosh; Intel Mac OS X 10_10_3) AppleWebKit/537.36 (KHTML, like Gecko) Chrome/43.0.2357.130 Safari/537.36" 	2ms
0:0:0:0:0:0:0:1 	- 	[2015-06-27 09:15:49.356] 	"GET /console/js/jquery.elfinder.min.js HTTP/1.1" 	200 	134069 	"Mozilla/5.0 (Macintosh; Intel Mac OS X 10_10_3) AppleWebKit/537.36 (KHTML, like Gecko) Chrome/43.0.2357.130 Safari/537.36" 	2ms
0:0:0:0:0:0:0:1 	- 	[2015-06-27 09:15:49.358] 	"GET /console/js/jquery.iphone.toggle.js HTTP/1.1" 	200 	9922 	"Mozilla/5.0 (Macintosh; Intel Mac OS X 10_10_3) AppleWebKit/537.36 (KHTML, like Gecko) Chrome/43.0.2357.130 Safari/537.36" 	3ms
0:0:0:0:0:0:0:1 	- 	[2015-06-27 09:15:49.358] 	"GET /console/js/jquery.raty.min.js HTTP/1.1" 	200 	7549 	"Mozilla/5.0 (Macintosh; Intel Mac OS X 10_10_3) AppleWebKit/537.36 (KHTML, like Gecko) Chrome/43.0.2357.130 Safari/537.36" 	3ms
0:0:0:0:0:0:0:1 	- 	[2015-06-27 09:15:49.360] 	"GET /console/js/history.adapter.jquery.js HTTP/1.1" 	200 	1954 	"Mozilla/5.0 (Macintosh; Intel Mac OS X 10_10_3) AppleWebKit/537.36 (KHTML, like Gecko) Chrome/43.0.2357.130 Safari/537.36" 	2ms
0:0:0:0:0:0:0:1 	- 	[2015-06-27 09:15:49.361] 	"GET /console/js/jquery.autogrow-textarea.js HTTP/1.1" 	200 	2136 	"Mozilla/5.0 (Macintosh; Intel Mac OS X 10_10_3) AppleWebKit/537.36 (KHTML, like Gecko) Chrome/43.0.2357.130 Safari/537.36" 	1ms
0:0:0:0:0:0:0:1 	- 	[2015-06-27 09:15:49.361] 	"GET /console/js/jquery.uploadify-3.1.min.js HTTP/1.1" 	200 	46268 	"Mozilla/5.0 (Macintosh; Intel Mac OS X 10_10_3) AppleWebKit/537.36 (KHTML, like Gecko) Chrome/43.0.2357.130 Safari/537.36" 	1ms
0:0:0:0:0:0:0:1 	- 	[2015-06-27 09:15:49.370] 	"GET /console/js/ace/ext-language_tools.js HTTP/1.1" 	200 	31742 	"Mozilla/5.0 (Macintosh; Intel Mac OS X 10_10_3) AppleWebKit/537.36 (KHTML, like Gecko) Chrome/43.0.2357.130 Safari/537.36" 	2ms
0:0:0:0:0:0:0:1 	- 	[2015-06-27 09:15:49.370] 	"GET /console/js/ui-ace.js HTTP/1.1" 	200 	9610 	"Mozilla/5.0 (Macintosh; Intel Mac OS X 10_10_3) AppleWebKit/537.36 (KHTML, like Gecko) Chrome/43.0.2357.130 Safari/537.36" 	2ms
0:0:0:0:0:0:0:1 	- 	[2015-06-27 09:15:49.370] 	"GET /console/js/history.js HTTP/1.1" 	200 	47418 	"Mozilla/5.0 (Macintosh; Intel Mac OS X 10_10_3) AppleWebKit/537.36 (KHTML, like Gecko) Chrome/43.0.2357.130 Safari/537.36" 	2ms
0:0:0:0:0:0:0:1 	- 	[2015-06-27 09:15:49.370] 	"GET /console/js/ace/ace.js HTTP/1.1" 	200 	337015 	"Mozilla/5.0 (Macintosh; Intel Mac OS X 10_10_3) AppleWebKit/537.36 (KHTML, like Gecko) Chrome/43.0.2357.130 Safari/537.36" 	2ms
0:0:0:0:0:0:0:1 	- 	[2015-06-27 09:15:49.373] 	"GET /console/js/charisma.js HTTP/1.1" 	200 	9197 	"Mozilla/5.0 (Macintosh; Intel Mac OS X 10_10_3) AppleWebKit/537.36 (KHTML, like Gecko) Chrome/43.0.2357.130 Safari/537.36" 	1ms
0:0:0:0:0:0:0:1 	- 	[2015-06-27 09:15:49.377] 	"GET /console/bbjs/push.js HTTP/1.1" 	200 	6809 	"Mozilla/5.0 (Macintosh; Intel Mac OS X 10_10_3) AppleWebKit/537.36 (KHTML, like Gecko) Chrome/43.0.2357.130 Safari/537.36" 	2ms
0:0:0:0:0:0:0:1 	- 	[2015-06-27 09:15:49.377] 	"GET /console/bbjs/scripts.js HTTP/1.1" 	200 	9522 	"Mozilla/5.0 (Macintosh; Intel Mac OS X 10_10_3) AppleWebKit/537.36 (KHTML, like Gecko) Chrome/43.0.2357.130 Safari/537.36" 	2ms
0:0:0:0:0:0:0:1 	- 	[2015-06-27 09:15:49.379] 	"GET /console/bbjs/tour.js HTTP/1.1" 	200 	2264 	"Mozilla/5.0 (Macintosh; Intel Mac OS X 10_10_3) AppleWebKit/537.36 (KHTML, like Gecko) Chrome/43.0.2357.130 Safari/537.36" 	2ms
0:0:0:0:0:0:0:1 	- 	[2015-06-27 09:15:49.379] 	"GET /console/bbjs/baasboxgui.js HTTP/1.1" 	200 	74584 	"Mozilla/5.0 (Macintosh; Intel Mac OS X 10_10_3) AppleWebKit/537.36 (KHTML, like Gecko) Chrome/43.0.2357.130 Safari/537.36" 	2ms
0:0:0:0:0:0:0:1 	- 	[2015-06-27 09:15:49.393] 	"GET /console/bbjs/datatable.js HTTP/1.1" 	200 	3993 	"Mozilla/5.0 (Macintosh; Intel Mac OS X 10_10_3) AppleWebKit/537.36 (KHTML, like Gecko) Chrome/43.0.2357.130 Safari/537.36" 	1ms
0:0:0:0:0:0:0:1 	- 	[2015-06-27 09:15:49.393] 	"GET /console/bbjs/documents-datatable.js HTTP/1.1" 	200 	2117 	"Mozilla/5.0 (Macintosh; Intel Mac OS X 10_10_3) AppleWebKit/537.36 (KHTML, like Gecko) Chrome/43.0.2357.130 Safari/537.36" 	2ms
0:0:0:0:0:0:0:1 	- 	[2015-06-27 09:15:49.393] 	"GET /console/bbjs/whatsnew-tour.js HTTP/1.1" 	200 	1794 	"Mozilla/5.0 (Macintosh; Intel Mac OS X 10_10_3) AppleWebKit/537.36 (KHTML, like Gecko) Chrome/43.0.2357.130 Safari/537.36" 	2ms
0:0:0:0:0:0:0:1 	- 	[2015-06-27 09:15:49.403] 	"GET /console/bbjs/users-datatable.js HTTP/1.1" 	200 	2040 	"Mozilla/5.0 (Macintosh; Intel Mac OS X 10_10_3) AppleWebKit/537.36 (KHTML, like Gecko) Chrome/43.0.2357.130 Safari/537.36" 	2ms
0:0:0:0:0:0:0:1 	- 	[2015-06-27 09:15:49.408] 	"GET /console/js/jquery.form.js HTTP/1.1" 	200 	39553 	"Mozilla/5.0 (Macintosh; Intel Mac OS X 10_10_3) AppleWebKit/537.36 (KHTML, like Gecko) Chrome/43.0.2357.130 Safari/537.36" 	1ms
0:0:0:0:0:0:0:1 	- 	[2015-06-27 09:15:49.408] 	"GET /console/bbjs/files-datatable.js HTTP/1.1" 	200 	2249 	"Mozilla/5.0 (Macintosh; Intel Mac OS X 10_10_3) AppleWebKit/537.36 (KHTML, like Gecko) Chrome/43.0.2357.130 Safari/537.36" 	1ms
0:0:0:0:0:0:0:1 	- 	[2015-06-27 09:15:49.409] 	"GET /console/css/Lato-Bol.ttf HTTP/1.1" 	200 	121788 	"Mozilla/5.0 (Macintosh; Intel Mac OS X 10_10_3) AppleWebKit/537.36 (KHTML, like Gecko) Chrome/43.0.2357.130 Safari/537.36" 	1ms
0:0:0:0:0:0:0:1 	- 	[2015-06-27 09:15:49.413] 	"GET /console/css/Lato-Regular.ttf HTTP/1.1" 	200 	120196 	"Mozilla/5.0 (Macintosh; Intel Mac OS X 10_10_3) AppleWebKit/537.36 (KHTML, like Gecko) Chrome/43.0.2357.130 Safari/537.36" 	1ms
0:0:0:0:0:0:0:1 	- 	[2015-06-27 09:15:49.422] 	"GET /console/img/opa-icons-color16.png HTTP/1.1" 	200 	45269 	"Mozilla/5.0 (Macintosh; Intel Mac OS X 10_10_3) AppleWebKit/537.36 (KHTML, like Gecko) Chrome/43.0.2357.130 Safari/537.36" 	2ms
0:0:0:0:0:0:0:1 	- 	[2015-06-27 09:15:49.423] 	"GET /console/img/glyphicons-halflings.png HTTP/1.1" 	200 	12799 	"Mozilla/5.0 (Macintosh; Intel Mac OS X 10_10_3) AppleWebKit/537.36 (KHTML, like Gecko) Chrome/43.0.2357.130 Safari/537.36" 	1ms
0:0:0:0:0:0:0:1 	- 	[2015-06-27 09:15:49.426] 	"GET /console/img/opa-icons-black16.png HTTP/1.1" 	200 	27897 	"Mozilla/5.0 (Macintosh; Intel Mac OS X 10_10_3) AppleWebKit/537.36 (KHTML, like Gecko) Chrome/43.0.2357.130 Safari/537.36" 	2ms
0:0:0:0:0:0:0:1 	- 	[2015-06-27 09:15:49.414] 	"GET /console/js/routes HTTP/1.1" 	200 	- 	"Mozilla/5.0 (Macintosh; Intel Mac OS X 10_10_3) AppleWebKit/537.36 (KHTML, like Gecko) Chrome/43.0.2357.130 Safari/537.36" 	15ms
0:0:0:0:0:0:0:1 	- 	[2015-06-27 09:15:49.434] 	"GET /console/img/logo_baasbox_white.png HTTP/1.1" 	200 	51110 	"Mozilla/5.0 (Macintosh; Intel Mac OS X 10_10_3) AppleWebKit/537.36 (KHTML, like Gecko) Chrome/43.0.2357.130 Safari/537.36" 	1ms
0:0:0:0:0:0:0:1 	- 	[2015-06-27 09:15:49.435] 	"GET /console/css/fullcalendar.print.css HTTP/1.1" 	200 	1337 	"Mozilla/5.0 (Macintosh; Intel Mac OS X 10_10_3) AppleWebKit/537.36 (KHTML, like Gecko) Chrome/43.0.2357.130 Safari/537.36" 	2ms
0:0:0:0:0:0:0:1 	- 	[2015-06-27 09:15:49.769] 	"GET /console/js/ace/theme-crimson_editor.js HTTP/1.1" 	200 	2812 	"Mozilla/5.0 (Macintosh; Intel Mac OS X 10_10_3) AppleWebKit/537.36 (KHTML, like Gecko) Chrome/43.0.2357.130 Safari/537.36" 	1ms
0:0:0:0:0:0:0:1 	- 	[2015-06-27 09:15:49.769] 	"GET /console/js/ace/mode-javascript.js HTTP/1.1" 	200 	21285 	"Mozilla/5.0 (Macintosh; Intel Mac OS X 10_10_3) AppleWebKit/537.36 (KHTML, like Gecko) Chrome/43.0.2357.130 Safari/537.36" 	1ms
0:0:0:0:0:0:0:1 	- 	[2015-06-27 09:15:49.769] 	"GET /console/js/ace/snippets/text.js HTTP/1.1" 	200 	131 	"Mozilla/5.0 (Macintosh; Intel Mac OS X 10_10_3) AppleWebKit/537.36 (KHTML, like Gecko) Chrome/43.0.2357.130 Safari/537.36" 	1ms
0:0:0:0:0:0:0:1 	- 	[2015-06-27 09:15:49.786] 	"GET /console/js/ace/mode-json.js HTTP/1.1" 	200 	10772 	"Mozilla/5.0 (Macintosh; Intel Mac OS X 10_10_3) AppleWebKit/537.36 (KHTML, like Gecko) Chrome/43.0.2357.130 Safari/537.36" 	1ms
0:0:0:0:0:0:0:1 	- 	[2015-06-27 09:15:49.863] 	"GET /console/img/sprite.png HTTP/1.1" 	200 	34229 	"Mozilla/5.0 (Macintosh; Intel Mac OS X 10_10_3) AppleWebKit/537.36 (KHTML, like Gecko) Chrome/43.0.2357.130 Safari/537.36" 	1ms
0:0:0:0:0:0:0:1 	- 	[2015-06-27 09:15:49.875] 	"GET /console/img/chosen-sprite.png HTTP/1.1" 	200 	559 	"Mozilla/5.0 (Macintosh; Intel Mac OS X 10_10_3) AppleWebKit/537.36 (KHTML, like Gecko) Chrome/43.0.2357.130 Safari/537.36" 	1ms
0:0:0:0:0:0:0:1 	- 	[2015-06-27 09:15:49.910] 	"GET /console/img/border.png HTTP/1.1" 	200 	163 	"Mozilla/5.0 (Macintosh; Intel Mac OS X 10_10_3) AppleWebKit/537.36 (KHTML, like Gecko) Chrome/43.0.2357.130 Safari/537.36" 	2ms
0:0:0:0:0:0:0:1 	- 	[2015-06-27 09:15:49.911] 	"GET /console/img/controls.png HTTP/1.1" 	200 	2033 	"Mozilla/5.0 (Macintosh; Intel Mac OS X 10_10_3) AppleWebKit/537.36 (KHTML, like Gecko) Chrome/43.0.2357.130 Safari/537.36" 	1ms
0:0:0:0:0:0:0:1 	- 	[2015-06-27 09:15:50.60] 	"GET /console/js/ace/worker-javascript.js HTTP/1.1" 	200 	140675 	"Mozilla/5.0 (Macintosh; Intel Mac OS X 10_10_3) AppleWebKit/537.36 (KHTML, like Gecko) Chrome/43.0.2357.130 Safari/537.36" 	1ms
0:0:0:0:0:0:0:1 	- 	[2015-06-27 09:15:50.67] 	"GET /console/js/ace/snippets/javascript.js HTTP/1.1" 	200 	3642 	"Mozilla/5.0 (Macintosh; Intel Mac OS X 10_10_3) AppleWebKit/537.36 (KHTML, like Gecko) Chrome/43.0.2357.130 Safari/537.36" 	1ms
0:0:0:0:0:0:0:1 	- 	[2015-06-27 09:15:50.73] 	"GET /console/js/ace/worker-json.js HTTP/1.1" 	200 	30950 	"Mozilla/5.0 (Macintosh; Intel Mac OS X 10_10_3) AppleWebKit/537.36 (KHTML, like Gecko) Chrome/43.0.2357.130 Safari/537.36" 	1ms
0:0:0:0:0:0:0:1 	- 	[2015-06-27 09:15:50.856] 	"GET /console/img/opa-icons-darkgray16.png HTTP/1.1" 	200 	38231 	"Mozilla/5.0 (Macintosh; Intel Mac OS X 10_10_3) AppleWebKit/537.36 (KHTML, like Gecko) Chrome/43.0.2357.130 Safari/537.36" 	2ms
0:0:0:0:0:0:0:1 	- 	[2015-06-27 09:15:51.173] 	"GET /console/css/Lato-RegIta.ttf HTTP/1.1" 	200 	118352 	"Mozilla/5.0 (Macintosh; Intel Mac OS X 10_10_3) AppleWebKit/537.36 (KHTML, like Gecko) Chrome/43.0.2357.130 Safari/537.36" 	1ms
0:0:0:0:0:0:0:1 	- 	[2015-06-27 09:15:54.0] 	"POST /login HTTP/1.1" 	200 	229 	"Mozilla/5.0 (Macintosh; Intel Mac OS X 10_10_3) AppleWebKit/537.36 (KHTML, like Gecko) Chrome/43.0.2357.130 Safari/537.36" 	108ms
0:0:0:0:0:0:0:1 	- 	[2015-06-27 09:15:54.118] 	"GET /console/fonts/fontawesome-webfont.woff?v=4.2.0 HTTP/1.1" 	200 	65452 	"Mozilla/5.0 (Macintosh; Intel Mac OS X 10_10_3) AppleWebKit/537.36 (KHTML, like Gecko) Chrome/43.0.2357.130 Safari/537.36" 	1ms
0:0:0:0:0:0:0:1 	- 	[2015-06-27 09:15:54.162] 	"GET /console/img/ajax-loaders/ajax-loader-6.gif HTTP/1.1" 	200 	3951 	"Mozilla/5.0 (Macintosh; Intel Mac OS X 10_10_3) AppleWebKit/537.36 (KHTML, like Gecko) Chrome/43.0.2357.130 Safari/537.36" 	2ms
0:0:0:0:0:0:0:1 	admin 	[2015-06-27 09:15:54.167] 	"GET /admin/dbStatistics HTTP/1.1" 	200 	6928 	"Mozilla/5.0 (Macintosh; Intel Mac OS X 10_10_3) AppleWebKit/537.36 (KHTML, like Gecko) Chrome/43.0.2357.130 Safari/537.36" 	116ms
0:0:0:0:0:0:0:1 	- 	[2015-06-27 09:15:54.297] 	"GET /console/img/opa-icons-color32.png HTTP/1.1" 	200 	85451 	"Mozilla/5.0 (Macintosh; Intel Mac OS X 10_10_3) AppleWebKit/537.36 (KHTML, like Gecko) Chrome/43.0.2357.130 Safari/537.36" 	2ms
0:0:0:0:0:0:0:1 	- 	[2015-06-27 09:15:54.298] 	"GET /console/img/opa-icons-black32.png HTTP/1.1" 	200 	82248 	"Mozilla/5.0 (Macintosh; Intel Mac OS X 10_10_3) AppleWebKit/537.36 (KHTML, like Gecko) Chrome/43.0.2357.130 Safari/537.36" 	1ms
0:0:0:0:0:0:0:1 	- 	[2015-06-27 09:15:54.297] 	"GET /console/img/opa-icons-green32.png HTTP/1.1" 	200 	77493 	"Mozilla/5.0 (Macintosh; Intel Mac OS X 10_10_3) AppleWebKit/537.36 (KHTML, like Gecko) Chrome/43.0.2357.130 Safari/537.36" 	2ms
0:0:0:0:0:0:0:1 	admin 	[2015-06-27 09:15:54.316] 	"GET /admin/dbStatistics HTTP/1.1" 	200 	6928 	"Mozilla/5.0 (Macintosh; Intel Mac OS X 10_10_3) AppleWebKit/537.36 (KHTML, like Gecko) Chrome/43.0.2357.130 Safari/537.36" 	16ms
0:0:0:0:0:0:0:1 	admin 	[2015-06-27 09:15:54.167] 	"GET /admin/version/latest HTTP/1.1" 	200 	290 	"Mozilla/5.0 (Macintosh; Intel Mac OS X 10_10_3) AppleWebKit/537.36 (KHTML, like Gecko) Chrome/43.0.2357.130 Safari/537.36" 	464ms
0:0:0:0:0:0:0:1 	admin 	[2015-06-27 09:20:55.42] 	"GET /refresh HTTP/1.1" 	200 	41 	"Mozilla/5.0 (Macintosh; Intel Mac OS X 10_10_3) AppleWebKit/537.36 (KHTML, like Gecko) Chrome/43.0.2357.130 Safari/537.36" 	8ms
0:0:0:0:0:0:0:1 	admin 	[2015-06-27 09:25:56.35] 	"GET /refresh HTTP/1.1" 	200 	41 	"Mozilla/5.0 (Macintosh; Intel Mac OS X 10_10_3) AppleWebKit/537.36 (KHTML, like Gecko) Chrome/43.0.2357.130 Safari/537.36" 	5ms
0:0:0:0:0:0:0:1 	admin 	[2015-06-27 09:30:57.17] 	"GET /refresh HTTP/1.1" 	200 	41 	"Mozilla/5.0 (Macintosh; Intel Mac OS X 10_10_3) AppleWebKit/537.36 (KHTML, like Gecko) Chrome/43.0.2357.130 Safari/537.36" 	5ms
0:0:0:0:0:0:0:1 	admin 	[2015-06-27 09:35:58.18] 	"GET /refresh HTTP/1.1" 	200 	41 	"Mozilla/5.0 (Macintosh; Intel Mac OS X 10_10_3) AppleWebKit/537.36 (KHTML, like Gecko) Chrome/43.0.2357.130 Safari/537.36" 	5ms
0:0:0:0:0:0:0:1 	admin 	[2015-06-27 09:40:59.9] 	"GET /refresh HTTP/1.1" 	200 	41 	"Mozilla/5.0 (Macintosh; Intel Mac OS X 10_10_3) AppleWebKit/537.36 (KHTML, like Gecko) Chrome/43.0.2357.130 Safari/537.36" 	4ms
0:0:0:0:0:0:0:1 	admin 	[2015-06-27 09:45:59.946] 	"GET /refresh HTTP/1.1" 	200 	41 	"Mozilla/5.0 (Macintosh; Intel Mac OS X 10_10_3) AppleWebKit/537.36 (KHTML, like Gecko) Chrome/43.0.2357.130 Safari/537.36" 	6ms
0:0:0:0:0:0:0:1 	admin 	[2015-06-27 09:52:04.970] 	"GET /refresh HTTP/1.1" 	200 	41 	"Mozilla/5.0 (Macintosh; Intel Mac OS X 10_10_3) AppleWebKit/537.36 (KHTML, like Gecko) Chrome/43.0.2357.130 Safari/537.36" 	4ms
0:0:0:0:0:0:0:1 	admin 	[2015-06-27 09:57:05.959] 	"GET /refresh HTTP/1.1" 	200 	41 	"Mozilla/5.0 (Macintosh; Intel Mac OS X 10_10_3) AppleWebKit/537.36 (KHTML, like Gecko) Chrome/43.0.2357.130 Safari/537.36" 	4ms
0:0:0:0:0:0:0:1 	admin 	[2015-06-27 10:02:06.951] 	"GET /refresh HTTP/1.1" 	200 	41 	"Mozilla/5.0 (Macintosh; Intel Mac OS X 10_10_3) AppleWebKit/537.36 (KHTML, like Gecko) Chrome/43.0.2357.130 Safari/537.36" 	5ms
0:0:0:0:0:0:0:1 	admin 	[2015-06-27 10:22:46.482] 	"GET /refresh HTTP/1.1" 	200 	41 	"Mozilla/5.0 (Macintosh; Intel Mac OS X 10_10_3) AppleWebKit/537.36 (KHTML, like Gecko) Chrome/43.0.2357.130 Safari/537.36" 	5ms
0:0:0:0:0:0:0:1 	admin 	[2015-06-27 10:27:47.0] 	"GET /refresh HTTP/1.1" 	200 	41 	"Mozilla/5.0 (Macintosh; Intel Mac OS X 10_10_3) AppleWebKit/537.36 (KHTML, like Gecko) Chrome/43.0.2357.130 Safari/537.36" 	5ms
0:0:0:0:0:0:0:1 	admin 	[2015-06-27 10:57:02.372] 	"GET /refresh HTTP/1.1" 	200 	41 	"Mozilla/5.0 (Macintosh; Intel Mac OS X 10_10_3) AppleWebKit/537.36 (KHTML, like Gecko) Chrome/43.0.2357.130 Safari/537.36" 	5ms
0:0:0:0:0:0:0:1 	admin 	[2015-06-27 11:02:03.759] 	"GET /refresh HTTP/1.1" 	200 	41 	"Mozilla/5.0 (Macintosh; Intel Mac OS X 10_10_3) AppleWebKit/537.36 (KHTML, like Gecko) Chrome/43.0.2357.130 Safari/537.36" 	4ms
0:0:0:0:0:0:0:1 	admin 	[2015-06-27 11:07:04.342] 	"GET /refresh HTTP/1.1" 	200 	41 	"Mozilla/5.0 (Macintosh; Intel Mac OS X 10_10_3) AppleWebKit/537.36 (KHTML, like Gecko) Chrome/43.0.2357.130 Safari/537.36" 	5ms
0:0:0:0:0:0:0:1 	admin 	[2015-06-27 11:12:04.342] 	"GET /refresh HTTP/1.1" 	200 	41 	"Mozilla/5.0 (Macintosh; Intel Mac OS X 10_10_3) AppleWebKit/537.36 (KHTML, like Gecko) Chrome/43.0.2357.130 Safari/537.36" 	5ms
0:0:0:0:0:0:0:1 	admin 	[2015-06-27 11:17:05.782] 	"GET /refresh HTTP/1.1" 	200 	41 	"Mozilla/5.0 (Macintosh; Intel Mac OS X 10_10_3) AppleWebKit/537.36 (KHTML, like Gecko) Chrome/43.0.2357.130 Safari/537.36" 	5ms
0:0:0:0:0:0:0:1 	admin 	[2015-06-27 11:22:06.760] 	"GET /refresh HTTP/1.1" 	200 	41 	"Mozilla/5.0 (Macintosh; Intel Mac OS X 10_10_3) AppleWebKit/537.36 (KHTML, like Gecko) Chrome/43.0.2357.130 Safari/537.36" 	5ms
0:0:0:0:0:0:0:1 	admin 	[2015-06-27 11:27:07.798] 	"GET /refresh HTTP/1.1" 	200 	41 	"Mozilla/5.0 (Macintosh; Intel Mac OS X 10_10_3) AppleWebKit/537.36 (KHTML, like Gecko) Chrome/43.0.2357.130 Safari/537.36" 	5ms
0:0:0:0:0:0:0:1 	admin 	[2015-06-27 11:32:08.759] 	"GET /refresh HTTP/1.1" 	200 	41 	"Mozilla/5.0 (Macintosh; Intel Mac OS X 10_10_3) AppleWebKit/537.36 (KHTML, like Gecko) Chrome/43.0.2357.130 Safari/537.36" 	4ms
0:0:0:0:0:0:0:1 	admin 	[2015-06-27 11:37:09.761] 	"GET /refresh HTTP/1.1" 	200 	41 	"Mozilla/5.0 (Macintosh; Intel Mac OS X 10_10_3) AppleWebKit/537.36 (KHTML, like Gecko) Chrome/43.0.2357.130 Safari/537.36" 	5ms
0:0:0:0:0:0:0:1 	admin 	[2015-06-27 11:42:10.284] 	"GET /refresh HTTP/1.1" 	200 	41 	"Mozilla/5.0 (Macintosh; Intel Mac OS X 10_10_3) AppleWebKit/537.36 (KHTML, like Gecko) Chrome/43.0.2357.130 Safari/537.36" 	5ms
0:0:0:0:0:0:0:1 	admin 	[2015-06-27 11:47:11.281] 	"GET /refresh HTTP/1.1" 	200 	41 	"Mozilla/5.0 (Macintosh; Intel Mac OS X 10_10_3) AppleWebKit/537.36 (KHTML, like Gecko) Chrome/43.0.2357.130 Safari/537.36" 	4ms
0:0:0:0:0:0:0:1 	admin 	[2015-06-27 11:52:12.703] 	"GET /refresh HTTP/1.1" 	200 	41 	"Mozilla/5.0 (Macintosh; Intel Mac OS X 10_10_3) AppleWebKit/537.36 (KHTML, like Gecko) Chrome/43.0.2357.130 Safari/537.36" 	4ms
0:0:0:0:0:0:0:1 	admin 	[2015-06-27 11:57:13.264] 	"GET /refresh HTTP/1.1" 	200 	41 	"Mozilla/5.0 (Macintosh; Intel Mac OS X 10_10_3) AppleWebKit/537.36 (KHTML, like Gecko) Chrome/43.0.2357.130 Safari/537.36" 	3ms
0:0:0:0:0:0:0:1 	admin 	[2015-06-27 12:02:14.251] 	"GET /refresh HTTP/1.1" 	200 	41 	"Mozilla/5.0 (Macintosh; Intel Mac OS X 10_10_3) AppleWebKit/537.36 (KHTML, like Gecko) Chrome/43.0.2357.130 Safari/537.36" 	3ms
0:0:0:0:0:0:0:1 	admin 	[2015-06-27 12:07:15.234] 	"GET /refresh HTTP/1.1" 	200 	41 	"Mozilla/5.0 (Macintosh; Intel Mac OS X 10_10_3) AppleWebKit/537.36 (KHTML, like Gecko) Chrome/43.0.2357.130 Safari/537.36" 	3ms
0:0:0:0:0:0:0:1 	admin 	[2015-06-27 12:12:16.221] 	"GET /refresh HTTP/1.1" 	200 	41 	"Mozilla/5.0 (Macintosh; Intel Mac OS X 10_10_3) AppleWebKit/537.36 (KHTML, like Gecko) Chrome/43.0.2357.130 Safari/537.36" 	4ms
0:0:0:0:0:0:0:1 	admin 	[2015-06-27 12:17:17.228] 	"GET /refresh HTTP/1.1" 	200 	41 	"Mozilla/5.0 (Macintosh; Intel Mac OS X 10_10_3) AppleWebKit/537.36 (KHTML, like Gecko) Chrome/43.0.2357.130 Safari/537.36" 	3ms
0:0:0:0:0:0:0:1 	admin 	[2015-06-27 12:22:18.217] 	"GET /refresh HTTP/1.1" 	200 	41 	"Mozilla/5.0 (Macintosh; Intel Mac OS X 10_10_3) AppleWebKit/537.36 (KHTML, like Gecko) Chrome/43.0.2357.130 Safari/537.36" 	3ms
0:0:0:0:0:0:0:1 	admin 	[2015-06-27 12:27:19.188] 	"GET /refresh HTTP/1.1" 	200 	41 	"Mozilla/5.0 (Macintosh; Intel Mac OS X 10_10_3) AppleWebKit/537.36 (KHTML, like Gecko) Chrome/43.0.2357.130 Safari/537.36" 	4ms
0:0:0:0:0:0:0:1 	admin 	[2015-06-27 12:32:19.195] 	"GET /refresh HTTP/1.1" 	200 	41 	"Mozilla/5.0 (Macintosh; Intel Mac OS X 10_10_3) AppleWebKit/537.36 (KHTML, like Gecko) Chrome/43.0.2357.130 Safari/537.36" 	4ms
127.0.0.1 	- 	[2015-06-27 12:36:30.771] 	"POST /login HTTP/1.1" 	200 	229 	"okhttp/2.4.0" 	6ms
127.0.0.1 	- 	[2015-06-27 12:37:01.541] 	"POST /login HTTP/1.1" 	200 	229 	"okhttp/2.4.0" 	6ms
0:0:0:0:0:0:0:1 	admin 	[2015-06-27 12:37:20.658] 	"GET /refresh HTTP/1.1" 	200 	41 	"Mozilla/5.0 (Macintosh; Intel Mac OS X 10_10_3) AppleWebKit/537.36 (KHTML, like Gecko) Chrome/43.0.2357.130 Safari/537.36" 	4ms
0:0:0:0:0:0:0:1 	admin 	[2015-06-27 12:42:21.170] 	"GET /refresh HTTP/1.1" 	200 	41 	"Mozilla/5.0 (Macintosh; Intel Mac OS X 10_10_3) AppleWebKit/537.36 (KHTML, like Gecko) Chrome/43.0.2357.130 Safari/537.36" 	4ms
0:0:0:0:0:0:0:1 	admin 	[2015-06-27 12:47:22.639] 	"GET /refresh HTTP/1.1" 	200 	41 	"Mozilla/5.0 (Macintosh; Intel Mac OS X 10_10_3) AppleWebKit/537.36 (KHTML, like Gecko) Chrome/43.0.2357.130 Safari/537.36" 	4ms
0:0:0:0:0:0:0:1 	admin 	[2015-06-27 12:52:23.148] 	"GET /refresh HTTP/1.1" 	200 	41 	"Mozilla/5.0 (Macintosh; Intel Mac OS X 10_10_3) AppleWebKit/537.36 (KHTML, like Gecko) Chrome/43.0.2357.130 Safari/537.36" 	4ms
0:0:0:0:0:0:0:1 	admin 	[2015-06-27 12:57:24.143] 	"GET /refresh HTTP/1.1" 	200 	41 	"Mozilla/5.0 (Macintosh; Intel Mac OS X 10_10_3) AppleWebKit/537.36 (KHTML, like Gecko) Chrome/43.0.2357.130 Safari/537.36" 	4ms
0:0:0:0:0:0:0:1 	admin 	[2015-06-27 13:02:25.122] 	"GET /refresh HTTP/1.1" 	200 	41 	"Mozilla/5.0 (Macintosh; Intel Mac OS X 10_10_3) AppleWebKit/537.36 (KHTML, like Gecko) Chrome/43.0.2357.130 Safari/537.36" 	3ms
0:0:0:0:0:0:0:1 	admin 	[2015-06-27 13:07:25.561] 	"GET /refresh HTTP/1.1" 	200 	41 	"Mozilla/5.0 (Macintosh; Intel Mac OS X 10_10_3) AppleWebKit/537.36 (KHTML, like Gecko) Chrome/43.0.2357.130 Safari/537.36" 	4ms
0:0:0:0:0:0:0:1 	admin 	[2015-06-27 13:12:26.596] 	"GET /refresh HTTP/1.1" 	200 	41 	"Mozilla/5.0 (Macintosh; Intel Mac OS X 10_10_3) AppleWebKit/537.36 (KHTML, like Gecko) Chrome/43.0.2357.130 Safari/537.36" 	4ms
0:0:0:0:0:0:0:1 	admin 	[2015-06-27 13:17:27.563] 	"GET /refresh HTTP/1.1" 	200 	41 	"Mozilla/5.0 (Macintosh; Intel Mac OS X 10_10_3) AppleWebKit/537.36 (KHTML, like Gecko) Chrome/43.0.2357.130 Safari/537.36" 	4ms
0:0:0:0:0:0:0:1 	admin 	[2015-06-27 13:22:28.555] 	"GET /refresh HTTP/1.1" 	200 	41 	"Mozilla/5.0 (Macintosh; Intel Mac OS X 10_10_3) AppleWebKit/537.36 (KHTML, like Gecko) Chrome/43.0.2357.130 Safari/537.36" 	4ms
0:0:0:0:0:0:0:1 	admin 	[2015-06-27 13:27:29.547] 	"GET /refresh HTTP/1.1" 	200 	41 	"Mozilla/5.0 (Macintosh; Intel Mac OS X 10_10_3) AppleWebKit/537.36 (KHTML, like Gecko) Chrome/43.0.2357.130 Safari/537.36" 	3ms
0:0:0:0:0:0:0:1 	admin 	[2015-06-27 13:32:30.515] 	"GET /refresh HTTP/1.1" 	200 	41 	"Mozilla/5.0 (Macintosh; Intel Mac OS X 10_10_3) AppleWebKit/537.36 (KHTML, like Gecko) Chrome/43.0.2357.130 Safari/537.36" 	14ms
0:0:0:0:0:0:0:1 	admin 	[2015-06-27 13:37:31.64] 	"GET /refresh HTTP/1.1" 	200 	41 	"Mozilla/5.0 (Macintosh; Intel Mac OS X 10_10_3) AppleWebKit/537.36 (KHTML, like Gecko) Chrome/43.0.2357.130 Safari/537.36" 	3ms
0:0:0:0:0:0:0:1 	admin 	[2015-06-27 13:42:32.498] 	"GET /refresh HTTP/1.1" 	200 	41 	"Mozilla/5.0 (Macintosh; Intel Mac OS X 10_10_3) AppleWebKit/537.36 (KHTML, like Gecko) Chrome/43.0.2357.130 Safari/537.36" 	4ms
0:0:0:0:0:0:0:1 	admin 	[2015-06-27 13:47:33.46] 	"GET /refresh HTTP/1.1" 	200 	41 	"Mozilla/5.0 (Macintosh; Intel Mac OS X 10_10_3) AppleWebKit/537.36 (KHTML, like Gecko) Chrome/43.0.2357.130 Safari/537.36" 	6ms
0:0:0:0:0:0:0:1 	admin 	[2015-06-27 13:52:34.506] 	"GET /refresh HTTP/1.1" 	200 	41 	"Mozilla/5.0 (Macintosh; Intel Mac OS X 10_10_3) AppleWebKit/537.36 (KHTML, like Gecko) Chrome/43.0.2357.130 Safari/537.36" 	4ms
0:0:0:0:0:0:0:1 	admin 	[2015-06-27 13:57:35.382] 	"GET /refresh HTTP/1.1" 	200 	41 	"Mozilla/5.0 (Macintosh; Intel Mac OS X 10_10_3) AppleWebKit/537.36 (KHTML, like Gecko) Chrome/43.0.2357.130 Safari/537.36" 	4ms
0:0:0:0:0:0:0:1 	admin 	[2015-06-27 14:02:36.517] 	"GET /refresh HTTP/1.1" 	200 	41 	"Mozilla/5.0 (Macintosh; Intel Mac OS X 10_10_3) AppleWebKit/537.36 (KHTML, like Gecko) Chrome/43.0.2357.130 Safari/537.36" 	4ms
0:0:0:0:0:0:0:1 	admin 	[2015-06-27 14:07:37.255] 	"GET /refresh HTTP/1.1" 	200 	41 	"Mozilla/5.0 (Macintosh; Intel Mac OS X 10_10_3) AppleWebKit/537.36 (KHTML, like Gecko) Chrome/43.0.2357.130 Safari/537.36" 	4ms
0:0:0:0:0:0:0:1 	admin 	[2015-06-27 14:12:38.6] 	"GET /refresh HTTP/1.1" 	200 	41 	"Mozilla/5.0 (Macintosh; Intel Mac OS X 10_10_3) AppleWebKit/537.36 (KHTML, like Gecko) Chrome/43.0.2357.130 Safari/537.36" 	3ms
0:0:0:0:0:0:0:1 	admin 	[2015-06-27 14:17:39.410] 	"GET /refresh HTTP/1.1" 	200 	41 	"Mozilla/5.0 (Macintosh; Intel Mac OS X 10_10_3) AppleWebKit/537.36 (KHTML, like Gecko) Chrome/43.0.2357.130 Safari/537.36" 	3ms
0:0:0:0:0:0:0:1 	admin 	[2015-06-27 14:22:40.442] 	"GET /refresh HTTP/1.1" 	200 	41 	"Mozilla/5.0 (Macintosh; Intel Mac OS X 10_10_3) AppleWebKit/537.36 (KHTML, like Gecko) Chrome/43.0.2357.130 Safari/537.36" 	3ms
0:0:0:0:0:0:0:1 	admin 	[2015-06-27 14:27:41.376] 	"GET /refresh HTTP/1.1" 	200 	41 	"Mozilla/5.0 (Macintosh; Intel Mac OS X 10_10_3) AppleWebKit/537.36 (KHTML, like Gecko) Chrome/43.0.2357.130 Safari/537.36" 	4ms
0:0:0:0:0:0:0:1 	admin 	[2015-06-27 14:32:42.417] 	"GET /refresh HTTP/1.1" 	200 	41 	"Mozilla/5.0 (Macintosh; Intel Mac OS X 10_10_3) AppleWebKit/537.36 (KHTML, like Gecko) Chrome/43.0.2357.130 Safari/537.36" 	4ms
0:0:0:0:0:0:0:1 	admin 	[2015-06-27 14:37:43.349] 	"GET /refresh HTTP/1.1" 	200 	41 	"Mozilla/5.0 (Macintosh; Intel Mac OS X 10_10_3) AppleWebKit/537.36 (KHTML, like Gecko) Chrome/43.0.2357.130 Safari/537.36" 	3ms
0:0:0:0:0:0:0:1 	admin 	[2015-06-27 14:42:43.944] 	"GET /refresh HTTP/1.1" 	200 	41 	"Mozilla/5.0 (Macintosh; Intel Mac OS X 10_10_3) AppleWebKit/537.36 (KHTML, like Gecko) Chrome/43.0.2357.130 Safari/537.36" 	4ms
0:0:0:0:0:0:0:1 	admin 	[2015-06-27 14:47:44.435] 	"GET /refresh HTTP/1.1" 	200 	41 	"Mozilla/5.0 (Macintosh; Intel Mac OS X 10_10_3) AppleWebKit/537.36 (KHTML, like Gecko) Chrome/43.0.2357.130 Safari/537.36" 	4ms
0:0:0:0:0:0:0:1 	admin 	[2015-06-27 14:52:45.424] 	"GET /refresh HTTP/1.1" 	200 	41 	"Mozilla/5.0 (Macintosh; Intel Mac OS X 10_10_3) AppleWebKit/537.36 (KHTML, like Gecko) Chrome/43.0.2357.130 Safari/537.36" 	3ms
0:0:0:0:0:0:0:1 	admin 	[2015-06-27 14:57:46.366] 	"GET /refresh HTTP/1.1" 	200 	41 	"Mozilla/5.0 (Macintosh; Intel Mac OS X 10_10_3) AppleWebKit/537.36 (KHTML, like Gecko) Chrome/43.0.2357.130 Safari/537.36" 	4ms
0:0:0:0:0:0:0:1 	admin 	[2015-06-27 15:02:47.359] 	"GET /refresh HTTP/1.1" 	200 	41 	"Mozilla/5.0 (Macintosh; Intel Mac OS X 10_10_3) AppleWebKit/537.36 (KHTML, like Gecko) Chrome/43.0.2357.130 Safari/537.36" 	3ms
0:0:0:0:0:0:0:1 	admin 	[2015-06-27 15:07:48.370] 	"GET /refresh HTTP/1.1" 	200 	41 	"Mozilla/5.0 (Macintosh; Intel Mac OS X 10_10_3) AppleWebKit/537.36 (KHTML, like Gecko) Chrome/43.0.2357.130 Safari/537.36" 	3ms
0:0:0:0:0:0:0:1 	admin 	[2015-06-27 15:12:49.340] 	"GET /refresh HTTP/1.1" 	200 	41 	"Mozilla/5.0 (Macintosh; Intel Mac OS X 10_10_3) AppleWebKit/537.36 (KHTML, like Gecko) Chrome/43.0.2357.130 Safari/537.36" 	3ms
0:0:0:0:0:0:0:1 	admin 	[2015-06-27 15:17:50.332] 	"GET /refresh HTTP/1.1" 	200 	41 	"Mozilla/5.0 (Macintosh; Intel Mac OS X 10_10_3) AppleWebKit/537.36 (KHTML, like Gecko) Chrome/43.0.2357.130 Safari/537.36" 	4ms
0:0:0:0:0:0:0:1 	admin 	[2015-06-27 15:22:51.256] 	"GET /refresh HTTP/1.1" 	200 	41 	"Mozilla/5.0 (Macintosh; Intel Mac OS X 10_10_3) AppleWebKit/537.36 (KHTML, like Gecko) Chrome/43.0.2357.130 Safari/537.36" 	3ms
0:0:0:0:0:0:0:1 	admin 	[2015-06-27 15:27:51.862] 	"GET /refresh HTTP/1.1" 	200 	41 	"Mozilla/5.0 (Macintosh; Intel Mac OS X 10_10_3) AppleWebKit/537.36 (KHTML, like Gecko) Chrome/43.0.2357.130 Safari/537.36" 	3ms
0:0:0:0:0:0:0:1 	admin 	[2015-06-27 15:32:53.308] 	"GET /refresh HTTP/1.1" 	200 	41 	"Mozilla/5.0 (Macintosh; Intel Mac OS X 10_10_3) AppleWebKit/537.36 (KHTML, like Gecko) Chrome/43.0.2357.130 Safari/537.36" 	3ms
0:0:0:0:0:0:0:1 	admin 	[2015-06-27 15:37:53.832] 	"GET /refresh HTTP/1.1" 	200 	41 	"Mozilla/5.0 (Macintosh; Intel Mac OS X 10_10_3) AppleWebKit/537.36 (KHTML, like Gecko) Chrome/43.0.2357.130 Safari/537.36" 	3ms
0:0:0:0:0:0:0:1 	admin 	[2015-06-27 15:42:54.826] 	"GET /refresh HTTP/1.1" 	200 	41 	"Mozilla/5.0 (Macintosh; Intel Mac OS X 10_10_3) AppleWebKit/537.36 (KHTML, like Gecko) Chrome/43.0.2357.130 Safari/537.36" 	3ms
0:0:0:0:0:0:0:1 	admin 	[2015-06-27 15:47:56.296] 	"GET /refresh HTTP/1.1" 	200 	41 	"Mozilla/5.0 (Macintosh; Intel Mac OS X 10_10_3) AppleWebKit/537.36 (KHTML, like Gecko) Chrome/43.0.2357.130 Safari/537.36" 	3ms
0:0:0:0:0:0:0:1 	admin 	[2015-06-27 15:52:56.806] 	"GET /refresh HTTP/1.1" 	200 	41 	"Mozilla/5.0 (Macintosh; Intel Mac OS X 10_10_3) AppleWebKit/537.36 (KHTML, like Gecko) Chrome/43.0.2357.130 Safari/537.36" 	3ms
0:0:0:0:0:0:0:1 	admin 	[2015-06-27 15:57:57.801] 	"GET /refresh HTTP/1.1" 	200 	41 	"Mozilla/5.0 (Macintosh; Intel Mac OS X 10_10_3) AppleWebKit/537.36 (KHTML, like Gecko) Chrome/43.0.2357.130 Safari/537.36" 	3ms
0:0:0:0:0:0:0:1 	admin 	[2015-06-27 16:02:58.784] 	"GET /refresh HTTP/1.1" 	200 	41 	"Mozilla/5.0 (Macintosh; Intel Mac OS X 10_10_3) AppleWebKit/537.36 (KHTML, like Gecko) Chrome/43.0.2357.130 Safari/537.36" 	3ms
0:0:0:0:0:0:0:1 	admin 	[2015-06-27 16:07:59.774] 	"GET /refresh HTTP/1.1" 	200 	41 	"Mozilla/5.0 (Macintosh; Intel Mac OS X 10_10_3) AppleWebKit/537.36 (KHTML, like Gecko) Chrome/43.0.2357.130 Safari/537.36" 	3ms
